/usr/local/bin/quast.py -R /home/ubuntu/In23-S4_CS5614_Sequence_Assembly/wildtype.fna -o /home/ubuntu/In23-S4_CS5614_Sequence_Assembly/quast_reference_genome_output_directory /home/ubuntu/In23-S4_CS5614_Sequence_Assembly/output_directory/contigs.fasta

Version: 5.2.0

System information:
  OS: Linux-5.15.0-1055-aws-x86_64-with-glibc2.29 (linux_64)
  Python version: 3.8.10
  CPUs number: 2

Started: 2024-03-09 08:28:23

Logging to /home/ubuntu/In23-S4_CS5614_Sequence_Assembly/quast_reference_genome_output_directory/quast.log
NOTICE: Maximum number of threads is set to 1 (use --threads option to set it manually)

CWD: /home/ubuntu/In23-S4_CS5614_Sequence_Assembly
Main parameters: 
  MODE: default, threads: 1, min contig length: 500, min alignment length: 65, min alignment IDY: 95.0, \
  ambiguity: one, min local misassembly length: 200, min extensive misassembly length: 1000

Reference:
  /home/ubuntu/In23-S4_CS5614_Sequence_Assembly/wildtype.fna ==> wildtype

Contigs:
  Pre-processing...
  /home/ubuntu/In23-S4_CS5614_Sequence_Assembly/output_directory/contigs.fasta ==> contigs

2024-03-09 08:28:23
Running Basic statistics processor...
  Reference genome:
    wildtype.fna, length = 197394, num fragments = 1, GC % = 33.43
  Contig files: 
    contigs
  Calculating N50 and L50...
    contigs, N50 = 132140, L50 = 1, auN = 104598.0, Total length = 179288, GC % = 33.59, # N's per 100 kbp =  0.00
  Drawing Nx plot...
    saved to /home/ubuntu/In23-S4_CS5614_Sequence_Assembly/quast_reference_genome_output_directory/basic_stats/Nx_plot.pdf
  Drawing NGx plot...
    saved to /home/ubuntu/In23-S4_CS5614_Sequence_Assembly/quast_reference_genome_output_directory/basic_stats/NGx_plot.pdf
  Drawing cumulative plot...
    saved to /home/ubuntu/In23-S4_CS5614_Sequence_Assembly/quast_reference_genome_output_directory/basic_stats/cumulative_plot.pdf
  Drawing GC content plot...
    saved to /home/ubuntu/In23-S4_CS5614_Sequence_Assembly/quast_reference_genome_output_directory/basic_stats/GC_content_plot.pdf
  Drawing contigs GC content plot...
    saved to /home/ubuntu/In23-S4_CS5614_Sequence_Assembly/quast_reference_genome_output_directory/basic_stats/contigs_GC_content_plot.pdf
  Drawing Coverage histogram (bin size: 1x)...
    saved to /home/ubuntu/In23-S4_CS5614_Sequence_Assembly/quast_reference_genome_output_directory/basic_stats/coverage_histogram.pdf
  Drawing contigs coverage histogram (bin size: 1x)...
    saved to /home/ubuntu/In23-S4_CS5614_Sequence_Assembly/quast_reference_genome_output_directory/basic_stats/contigs_coverage_histogram.pdf
Done.

2024-03-09 08:28:25
Running Contig analyzer...
Compiling Minimap2 (details are in /usr/local/lib/python3.8/dist-packages/quast_libs/minimap2/make.log and make.err)
make -C /usr/local/lib/python3.8/dist-packages/quast_libs/minimap2 >> /usr/local/lib/python3.8/dist-packages/quast_libs/minimap2/make.log \
2>> /usr/local/lib/python3.8/dist-packages/quast_libs/minimap2/make.err
  contigs
  Logging to files /home/ubuntu/In23-S4_CS5614_Sequence_Assembly/quast_reference_genome_output_directory/contigs_reports/contigs_report_contigs.stdout and contigs_report_contigs.stderr...
  Aligning contigs to the reference
  /usr/local/lib/python3.8/dist-packages/quast_libs/minimap2/minimap2 -c -x asm10 \
  -B5 -O4,16 --no-long-join -r 200 -N 50 -s 65 -z 200 --mask-level 0.9 --min-occ 200 \
  -g 2500 --score-N 2 --cs -t 1 quast_reference_genome_output_directory/quast_corrected_input/wildtype.fna \
  quast_reference_genome_output_directory/quast_corrected_input/contigs.fasta > quast_reference_genome_output_directory/contigs_reports/minimap_output/contigs.coords_tmp \
  2>> quast_reference_genome_output_directory/contigs_reports/contigs_report_contigs.stderr
  Analysis is finished.

  Creating total report...
    saved to /home/ubuntu/In23-S4_CS5614_Sequence_Assembly/quast_reference_genome_output_directory/contigs_reports/misassemblies_report.txt, misassemblies_report.tsv, and misassemblies_report.tex
  Transposed version of total report...
    saved to /home/ubuntu/In23-S4_CS5614_Sequence_Assembly/quast_reference_genome_output_directory/contigs_reports/transposed_report_misassemblies.txt, transposed_report_misassemblies.tsv, and transposed_report_misassemblies.tex
  Creating total report...
    saved to /home/ubuntu/In23-S4_CS5614_Sequence_Assembly/quast_reference_genome_output_directory/contigs_reports/unaligned_report.txt, unaligned_report.tsv, and unaligned_report.tex
  Drawing misassemblies by types plot...
    saved to /home/ubuntu/In23-S4_CS5614_Sequence_Assembly/quast_reference_genome_output_directory/contigs_reports/misassemblies_plot.pdf
  Drawing misassemblies FRCurve plot...
    saved to /home/ubuntu/In23-S4_CS5614_Sequence_Assembly/quast_reference_genome_output_directory/contigs_reports/misassemblies_frcurve_plot.pdf
Done.

2024-03-09 08:28:35
Running NA-NGA calculation...
  contigs, Largest alignment = 59758, NA50 = 35879, NGA50 = 35124, LA50 = 2, LGA50 = 3
  Drawing cumulative plot...
    saved to /home/ubuntu/In23-S4_CS5614_Sequence_Assembly/quast_reference_genome_output_directory/aligned_stats/cumulative_plot.pdf
  Drawing NAx plot...
    saved to /home/ubuntu/In23-S4_CS5614_Sequence_Assembly/quast_reference_genome_output_directory/aligned_stats/NAx_plot.pdf
  Drawing NGAx plot...
    saved to /home/ubuntu/In23-S4_CS5614_Sequence_Assembly/quast_reference_genome_output_directory/aligned_stats/NGAx_plot.pdf
Done.

2024-03-09 08:28:36
Running Genome analyzer...
  NOTICE: No file with genomic features were provided. Use the --features option if you want to specify it.

  NOTICE: No file with operons were provided. Use the -O option if you want to specify it.
  contigs
  Analysis is finished.
  Skipping drawing Genome fraction, % histogram... (less than 2 columns histogram makes no sense)
Done.

NOTICE: Genes are not predicted by default. Use --gene-finding or --glimmer option to enable it.

2024-03-09 08:28:36
Creating large visual summaries...
This may take a while: press Ctrl-C to skip this step..
  1 of 2: Creating PDF with all tables and plots...
  2 of 2: Creating Icarus viewers...
Done

2024-03-09 08:28:38
RESULTS:
  Text versions of total report are saved to /home/ubuntu/In23-S4_CS5614_Sequence_Assembly/quast_reference_genome_output_directory/report.txt, report.tsv, and report.tex
  Text versions of transposed total report are saved to /home/ubuntu/In23-S4_CS5614_Sequence_Assembly/quast_reference_genome_output_directory/transposed_report.txt, transposed_report.tsv, and transposed_report.tex
  HTML version (interactive tables and plots) is saved to /home/ubuntu/In23-S4_CS5614_Sequence_Assembly/quast_reference_genome_output_directory/report.html
  PDF version (tables and plots) is saved to /home/ubuntu/In23-S4_CS5614_Sequence_Assembly/quast_reference_genome_output_directory/report.pdf
  Icarus (contig browser) is saved to /home/ubuntu/In23-S4_CS5614_Sequence_Assembly/quast_reference_genome_output_directory/icarus.html
  Log is saved to /home/ubuntu/In23-S4_CS5614_Sequence_Assembly/quast_reference_genome_output_directory/quast.log

Finished: 2024-03-09 08:28:38
Elapsed time: 0:00:15.397980
NOTICEs: 4; WARNINGs: 0; non-fatal ERRORs: 0

Thank you for using QUAST!
